# JRE version: OpenJDK Runtime Environment OpenLogic-OpenJDK (11.0.18+10) (build 11.0.18+10-adhoc..jdk11u)
# Java VM: OpenJDK 64-Bit Server VM OpenLogic-OpenJDK (11.0.18+10-adhoc..jdk11u, mixed mode, tiered, compressed oops, g1 gc, windows-amd64)
Heap:
 garbage-first heap   total 310272K, used 177846K [0x0000000704200000, 0x0000000800000000)
  region size 1024K, 109 young (111616K), 8 survivors (8192K)
 Metaspace       used 70730K, capacity 71602K, committed 71772K, reserved 1114112K
  class space    used 7731K, capacity 8079K, committed 8188K, reserved 1048576K
GC Heap History (18 events):
Event: 0.921 GC heap before
{Heap before GC invocations=0 (full 0):
 garbage-first heap   total 258048K, used 28672K [0x0000000704200000, 0x0000000800000000)
  region size 1024K, 24 young (24576K), 0 survivors (0K)
 Metaspace       used 12116K, capacity 12216K, committed 12544K, reserved 1060864K
  class space    used 1115K, capacity 1175K, committed 1280K, reserved 1048576K
}
Event: 0.925 GC heap after
{Heap after GC invocations=1 (full 0):
 garbage-first heap   total 258048K, used 6742K [0x0000000704200000, 0x0000000800000000)
  region size 1024K, 3 young (3072K), 3 survivors (3072K)
 Metaspace       used 12116K, capacity 12216K, committed 12544K, reserved 1060864K
  class space    used 1115K, capacity 1175K, committed 1280K, reserved 1048576K
}
Event: 1.803 GC heap before
{Heap before GC invocations=1 (full 0):
 garbage-first heap   total 258048K, used 45654K [0x0000000704200000, 0x0000000800000000)
  region size 1024K, 42 young (43008K), 3 survivors (3072K)
 Metaspace       used 21036K, capacity 21190K, committed 21248K, reserved 1069056K
  class space    used 2218K, capacity 2304K, committed 2304K, reserved 1048576K
}
Event: 1.814 GC heap after
{Heap after GC invocations=2 (full 0):
 garbage-first heap   total 258048K, used 10500K [0x0000000704200000, 0x0000000800000000)
  region size 1024K, 7 young (7168K), 7 survivors (7168K)
 Metaspace       used 21036K, capacity 21190K, committed 21248K, reserved 1069056K
  class space    used 2218K, capacity 2304K, committed 2304K, reserved 1048576K
}
Event: 3.521 GC heap before
{Heap before GC invocations=3 (full 0):
 garbage-first heap   total 258048K, used 69892K [0x0000000704200000, 0x0000000800000000)
  region size 1024K, 59 young (60416K), 7 survivors (7168K)
 Metaspace       used 32938K, capacity 33417K, committed 33788K, reserved 1079296K
  class space    used 4045K, capacity 4241K, committed 4348K, reserved 1048576K
}
Event: 3.533 GC heap after
{Heap after GC invocations=4 (full 0):
 garbage-first heap   total 258048K, used 23467K [0x0000000704200000, 0x0000000800000000)
  region size 1024K, 8 young (8192K), 8 survivors (8192K)
 Metaspace       used 32938K, capacity 33417K, committed 33788K, reserved 1079296K
  class space    used 4045K, capacity 4241K, committed 4348K, reserved 1048576K
}
Event: 3.853 GC heap before
{Heap before GC invocations=4 (full 0):
 garbage-first heap   total 258048K, used 28587K [0x0000000704200000, 0x0000000800000000)
  region size 1024K, 13 young (13312K), 8 survivors (8192K)
 Metaspace       used 34405K, capacity 34825K, committed 35196K, reserved 1079296K
  class space    used 4194K, capacity 4369K, committed 4476K, reserved 1048576K
}
Event: 3.862 GC heap after
{Heap after GC invocations=5 (full 0):
 garbage-first heap   total 258048K, used 24979K [0x0000000704200000, 0x0000000800000000)
  region size 1024K, 2 young (2048K), 2 survivors (2048K)
 Metaspace       used 34405K, capacity 34825K, committed 35196K, reserved 1079296K
  class space    used 4194K, capacity 4369K, committed 4476K, reserved 1048576K
}
Event: 4.038 GC heap before
{Heap before GC invocations=5 (full 0):
 garbage-first heap   total 258048K, used 31123K [0x0000000704200000, 0x0000000800000000)
  region size 1024K, 9 young (9216K), 2 survivors (2048K)
 Metaspace       used 35474K, capacity 35849K, committed 36048K, reserved 1081344K
  class space    used 4309K, capacity 4497K, committed 4604K, reserved 1048576K
}
Event: 4.042 GC heap after
{Heap after GC invocations=6 (full 0):
 garbage-first heap   total 258048K, used 25401K [0x0000000704200000, 0x0000000800000000)
  region size 1024K, 2 young (2048K), 2 survivors (2048K)
 Metaspace       used 35474K, capacity 35849K, committed 36048K, reserved 1081344K
  class space    used 4309K, capacity 4497K, committed 4604K, reserved 1048576K
}
Event: 6.061 GC heap before
{Heap before GC invocations=7 (full 0):
 garbage-first heap   total 258048K, used 134969K [0x0000000704200000, 0x0000000800000000)
  region size 1024K, 106 young (108544K), 2 survivors (2048K)
 Metaspace       used 51240K, capacity 51758K, committed 51920K, reserved 1095680K
  class space    used 5876K, capacity 6095K, committed 6140K, reserved 1048576K
}
Event: 6.073 GC heap after
{Heap after GC invocations=8 (full 0):
 garbage-first heap   total 258048K, used 37499K [0x0000000704200000, 0x0000000800000000)
  region size 1024K, 14 young (14336K), 14 survivors (14336K)
 Metaspace       used 51240K, capacity 51758K, committed 51920K, reserved 1095680K
  class space    used 5876K, capacity 6095K, committed 6140K, reserved 1048576K
}
Event: 7.755 GC heap before
{Heap before GC invocations=8 (full 0):
 garbage-first heap   total 258048K, used 90747K [0x0000000704200000, 0x0000000800000000)
  region size 1024K, 67 young (68608K), 14 survivors (14336K)
 Metaspace       used 59688K, capacity 60440K, committed 60508K, reserved 1103872K
  class space    used 6802K, capacity 7112K, committed 7164K, reserved 1048576K
}
Event: 7.803 GC heap after
{Heap after GC invocations=9 (full 0):
 garbage-first heap   total 310272K, used 45524K [0x0000000704200000, 0x0000000800000000)
  region size 1024K, 8 young (8192K), 8 survivors (8192K)
 Metaspace       used 59688K, capacity 60440K, committed 60508K, reserved 1103872K
  class space    used 6802K, capacity 7112K, committed 7164K, reserved 1048576K
}
Event: 9.555 GC heap before
{Heap before GC invocations=10 (full 0):
 garbage-first heap   total 310272K, used 164308K [0x0000000704200000, 0x0000000800000000)
  region size 1024K, 124 young (126976K), 8 survivors (8192K)
 Metaspace       used 61715K, capacity 62534K, committed 62812K, reserved 1105920K
  class space    used 6972K, capacity 7296K, committed 7420K, reserved 1048576K
}
Event: 9.581 GC heap after
{Heap after GC invocations=11 (full 0):
 garbage-first heap   total 310272K, used 64779K [0x0000000704200000, 0x0000000800000000)
  region size 1024K, 16 young (16384K), 16 survivors (16384K)
 Metaspace       used 61715K, capacity 62534K, committed 62812K, reserved 1105920K
  class space    used 6972K, capacity 7296K, committed 7420K, reserved 1048576K
}
Event: 11.126 GC heap before
{Heap before GC invocations=11 (full 0):
 garbage-first heap   total 310272K, used 166155K [0x0000000704200000, 0x0000000800000000)
  region size 1024K, 114 young (116736K), 16 survivors (16384K)
 Metaspace       used 65876K, capacity 66694K, committed 66780K, reserved 1107968K
  class space    used 7369K, capacity 7721K, committed 7804K, reserved 1048576K
}
Event: 11.145 GC heap after
{Heap after GC invocations=12 (full 0):
 garbage-first heap   total 310272K, used 73398K [0x0000000704200000, 0x0000000800000000)
  region size 1024K, 8 young (8192K), 8 survivors (8192K)
 Metaspace       used 65876K, capacity 66694K, committed 66780K, reserved 1107968K
  class space    used 7369K, capacity 7721K, committed 7804K, reserved 1048576K
}

