# JRE version: OpenJDK Runtime Environment OpenLogic-OpenJDK (11.0.18+10) (build 11.0.18+10-adhoc..jdk11u)
# Java VM: OpenJDK 64-Bit Server VM OpenLogic-OpenJDK (11.0.18+10-adhoc..jdk11u, mixed mode, tiered, compressed oops, g1 gc, windows-amd64)
Heap:
 garbage-first heap   total 442368K, used 309647K [0x0000000080000000, 0x0000000100000000)
  region size 1024K, 3 young (3072K), 3 survivors (3072K)
 Metaspace       used 151084K, capacity 156715K, committed 156936K, reserved 653312K
  class space    used 19602K, capacity 21698K, committed 21760K, reserved 516096K
GC Heap History (20 events):
Event: 53.186 GC heap after
{Heap after GC invocations=43 (full 0):
 garbage-first heap   total 310272K, used 214700K [0x0000000080000000, 0x0000000100000000)
  region size 1024K, 8 young (8192K), 8 survivors (8192K)
 Metaspace       used 135251K, capacity 140053K, committed 140296K, reserved 638976K
  class space    used 17306K, capacity 19126K, committed 19200K, reserved 516096K
}
Event: 53.743 GC heap before
{Heap before GC invocations=43 (full 0):
 garbage-first heap   total 310272K, used 259756K [0x0000000080000000, 0x0000000100000000)
  region size 1024K, 53 young (54272K), 8 survivors (8192K)
 Metaspace       used 135723K, capacity 140609K, committed 140808K, reserved 638976K
  class space    used 17367K, capacity 19197K, committed 19200K, reserved 516096K
}
Event: 53.756 GC heap after
{Heap after GC invocations=44 (full 0):
 garbage-first heap   total 372736K, used 214447K [0x0000000080000000, 0x0000000100000000)
  region size 1024K, 2 young (2048K), 2 survivors (2048K)
 Metaspace       used 135723K, capacity 140609K, committed 140808K, reserved 638976K
  class space    used 17367K, capacity 19197K, committed 19200K, reserved 516096K
}
Event: 55.934 GC heap before
{Heap before GC invocations=44 (full 0):
 garbage-first heap   total 372736K, used 292271K [0x0000000080000000, 0x0000000100000000)
  region size 1024K, 75 young (76800K), 2 survivors (2048K)
 Metaspace       used 140118K, capacity 145091K, committed 145288K, reserved 643072K
  class space    used 17895K, capacity 19732K, committed 19840K, reserved 516096K
}
Event: 55.951 GC heap after
{Heap after GC invocations=45 (full 0):
 garbage-first heap   total 372736K, used 222794K [0x0000000080000000, 0x0000000100000000)
  region size 1024K, 10 young (10240K), 10 survivors (10240K)
 Metaspace       used 140118K, capacity 145091K, committed 145288K, reserved 643072K
  class space    used 17895K, capacity 19732K, committed 19840K, reserved 516096K
}
Event: 56.838 GC heap before
{Heap before GC invocations=45 (full 0):
 garbage-first heap   total 372736K, used 300618K [0x0000000080000000, 0x0000000100000000)
  region size 1024K, 81 young (82944K), 10 survivors (10240K)
 Metaspace       used 140667K, capacity 145668K, committed 145800K, reserved 643072K
  class space    used 17967K, capacity 19789K, committed 19840K, reserved 516096K
}
Event: 56.859 GC heap after
{Heap after GC invocations=46 (full 0):
 garbage-first heap   total 372736K, used 228610K [0x0000000080000000, 0x0000000100000000)
  region size 1024K, 5 young (5120K), 5 survivors (5120K)
 Metaspace       used 140667K, capacity 145668K, committed 145800K, reserved 643072K
  class space    used 17967K, capacity 19789K, committed 19840K, reserved 516096K
}
Event: 57.455 GC heap before
{Heap before GC invocations=46 (full 0):
 garbage-first heap   total 372736K, used 317698K [0x0000000080000000, 0x0000000100000000)
  region size 1024K, 76 young (77824K), 5 survivors (5120K)
 Metaspace       used 141671K, capacity 146703K, committed 147080K, reserved 645120K
  class space    used 18098K, capacity 19972K, committed 20096K, reserved 516096K
}
Event: 57.470 GC heap after
{Heap after GC invocations=47 (full 0):
 garbage-first heap   total 372736K, used 254970K [0x0000000080000000, 0x0000000100000000)
  region size 1024K, 10 young (10240K), 10 survivors (10240K)
 Metaspace       used 141671K, capacity 146703K, committed 147080K, reserved 645120K
  class space    used 18098K, capacity 19972K, committed 20096K, reserved 516096K
}
Event: 57.975 GC heap before
{Heap before GC invocations=47 (full 0):
 garbage-first heap   total 372736K, used 308218K [0x0000000080000000, 0x0000000100000000)
  region size 1024K, 37 young (37888K), 10 survivors (10240K)
 Metaspace       used 144470K, capacity 149663K, committed 149768K, reserved 647168K
  class space    used 18479K, capacity 20379K, committed 20480K, reserved 516096K
}
Event: 57.990 GC heap after
{Heap after GC invocations=48 (full 0):
 garbage-first heap   total 372736K, used 276843K [0x0000000080000000, 0x0000000100000000)
  region size 1024K, 6 young (6144K), 6 survivors (6144K)
 Metaspace       used 144470K, capacity 149663K, committed 149768K, reserved 647168K
  class space    used 18479K, capacity 20379K, committed 20480K, reserved 516096K
}
Event: 58.521 GC heap before
{Heap before GC invocations=48 (full 0):
 garbage-first heap   total 372736K, used 317803K [0x0000000080000000, 0x0000000100000000)
  region size 1024K, 40 young (40960K), 6 survivors (6144K)
 Metaspace       used 145859K, capacity 151100K, committed 151176K, reserved 647168K
  class space    used 18660K, capacity 20579K, committed 20608K, reserved 516096K
}
Event: 58.546 GC heap after
{Heap after GC invocations=49 (full 0):
 garbage-first heap   total 372736K, used 285649K [0x0000000080000000, 0x0000000100000000)
  region size 1024K, 5 young (5120K), 5 survivors (5120K)
 Metaspace       used 145859K, capacity 151100K, committed 151176K, reserved 647168K
  class space    used 18660K, capacity 20579K, committed 20608K, reserved 516096K
}
Event: 58.823 GC heap before
{Heap before GC invocations=50 (full 0):
 garbage-first heap   total 372736K, used 316369K [0x0000000080000000, 0x0000000100000000)
  region size 1024K, 34 young (34816K), 5 survivors (5120K)
 Metaspace       used 146547K, capacity 151836K, committed 152072K, reserved 649216K
  class space    used 18780K, capacity 20716K, committed 20736K, reserved 516096K
}
Event: 58.853 GC heap after
{Heap after GC invocations=51 (full 0):
 garbage-first heap   total 372736K, used 297771K [0x0000000080000000, 0x0000000100000000)
  region size 1024K, 5 young (5120K), 5 survivors (5120K)
 Metaspace       used 146547K, capacity 151836K, committed 152072K, reserved 649216K
  class space    used 18780K, capacity 20716K, committed 20736K, reserved 516096K
}
Event: 58.972 GC heap before
{Heap before GC invocations=51 (full 0):
 garbage-first heap   total 372736K, used 310059K [0x0000000080000000, 0x0000000100000000)
  region size 1024K, 18 young (18432K), 5 survivors (5120K)
 Metaspace       used 146920K, capacity 152213K, committed 152456K, reserved 649216K
  class space    used 18837K, capacity 20798K, committed 20864K, reserved 516096K
}
Event: 59.002 GC heap after
{Heap after GC invocations=52 (full 0):
 garbage-first heap   total 372736K, used 294875K [0x0000000080000000, 0x0000000100000000)
  region size 1024K, 3 young (3072K), 3 survivors (3072K)
 Metaspace       used 146920K, capacity 152213K, committed 152456K, reserved 649216K
  class space    used 18837K, capacity 20798K, committed 20864K, reserved 516096K
}
Event: 59.391 GC heap before
{Heap before GC invocations=52 (full 0):
 garbage-first heap   total 372736K, used 318427K [0x0000000080000000, 0x0000000100000000)
  region size 1024K, 25 young (25600K), 3 survivors (3072K)
 Metaspace       used 149729K, capacity 155081K, committed 155272K, reserved 651264K
  class space    used 19374K, capacity 21347K, committed 21376K, reserved 516096K
}
Event: 59.423 GC heap after
{Heap after GC invocations=53 (full 0):
 garbage-first heap   total 372736K, used 302629K [0x0000000080000000, 0x0000000100000000)
  region size 1024K, 4 young (4096K), 4 survivors (4096K)
 Metaspace       used 149729K, capacity 155081K, committed 155272K, reserved 651264K
  class space    used 19374K, capacity 21347K, committed 21376K, reserved 516096K
}
Event: 60.058 GC heap before
{Heap before GC invocations=53 (full 0):
 garbage-first heap   total 372736K, used 319013K [0x0000000080000000, 0x0000000100000000)
  region size 1024K, 21 young (21504K), 4 survivors (4096K)
 Metaspace       used 151084K, capacity 156715K, committed 156936K, reserved 653312K
  class space    used 19602K, capacity 21698K, committed 21760K, reserved 516096K
}

